Running tests ...
[1A[KRunning 26 tests in 1 runtime ...
[1A[K[1m[32m26 tests, 113 assertions, 1 runtime ... OK[0m
----------------|-----------|-----------|-----------|-----------|
File            |   % Stmts |% Branches |   % Funcs |   % Lines |
----------------|-----------|-----------|-----------|-----------|
   lib/         |       100 |       100 |       100 |       100 |
      bob.js    |       100 |       100 |       100 |       100 |
      cli.js    |       100 |       100 |       100 |       100 |
      config.js |       100 |       100 |       100 |       100 |
      deps.js   |       100 |       100 |       100 |       100 |
      runner.js |       100 |       100 |       100 |       100 |
      task.js   |       100 |       100 |       100 |       100 |
----------------|-----------|-----------|-----------|-----------|
All files       |       100 |       100 |       100 |       100 |
----------------|-----------|-----------|-----------|-----------|


=============================== Coverage summary ===============================
Statements   : 100% ( 151/151 )
Branches     : 100% ( 53/53 )
Functions    : 100% ( 43/43 )
Lines        : 100% ( 146/146 )
================================================================================
